\BOOKMARK [2][-]{subsection.0.0.1}{Eeylops\040Owl\040Emporium\040\(Owls\)}{}% 1
\BOOKMARK [2][-]{subsection.0.0.2}{Florean\040Fortescue's\040Ice\040Cream\040Parlour\040\(Ice\040cream\040parlour\)}{}% 2
\BOOKMARK [2][-]{subsection.0.0.3}{Flourish\040&\040Blotts\040\(Books\)}{}% 3
\BOOKMARK [2][-]{subsection.0.0.4}{Gringotts\040Bank\040\(Bank\)}{}% 4
\BOOKMARK [2][-]{subsection.0.0.5}{Leaky\040Cauldron\040\(Pub\040&\040Inn\)}{}% 5
\BOOKMARK [2][-]{subsection.0.0.6}{Madam\040Malkin's\040Robes\040for\040All\040Occasions\040\(Clothing\)}{}% 6
\BOOKMARK [2][-]{subsection.0.0.7}{Magical\040Menagerie\040\(Pets\)}{}% 7
\BOOKMARK [2][-]{subsection.0.0.8}{Ollivander's\040\(Magical\040wands\)}{}% 8
\BOOKMARK [2][-]{subsection.0.0.9}{Quality\040Quidditch\040Supplies\040\(Brooms\)}{}% 9
\BOOKMARK [2][-]{subsection.0.0.10}{Rosa\040Lee\040Teashop\040\(Food\040&\040Drink\)}{}% 10
\BOOKMARK [2][-]{subsection.0.0.11}{Slug\040&\040Jiggers\040Apothecary\040\(Potions\)}{}% 11
\BOOKMARK [2][-]{subsection.0.0.12}{Sugarplum\040Sweetshop\040\(Sweets\)}{}% 12
\BOOKMARK [2][-]{subsection.0.0.13}{The\040Junk\040Shop\040\(Various\)}{}% 13
\BOOKMARK [2][-]{subsection.0.0.14}{The\040Newt's\040Eye\040\(Alchemical\040Supplies\)}{}% 14
\BOOKMARK [2][-]{subsection.0.0.15}{Weasley's\040Wizard\040Wheezes\040\(Prank\040shop\)}{}% 15
\BOOKMARK [2][-]{subsection.0.0.16}{Wiseacre's\040Wizarding\040Equipment\040\(Enchanted\040Items\)}{}% 16
\BOOKMARK [2][-]{subsection.0.0.17}{Borgin\040&\040Burke's\040\(Dark\040Magic\)}{}% 17
\BOOKMARK [2][-]{subsection.0.0.18}{Cobb\040and\040Webb's\040\(Spiders\040&\040Necromancy\)}{}% 18
\BOOKMARK [2][-]{subsection.0.0.19}{Hagg's\040Feast\040\(Meat\)}{}% 19
\BOOKMARK [2][-]{subsection.0.0.20}{Mulpepper's\040Apothecary\040\(Dangerous\040Alchemical\040Ingredients\)}{}% 20
\BOOKMARK [2][-]{subsection.0.0.21}{Shyverwretch's\040Venoms\040and\040Poisons\040\(Poisons\)}{}% 21
\BOOKMARK [2][-]{subsection.0.0.22}{The\040Coffin\040House\040\(Dangerous\040Black\040Magic\)}{}% 22
\BOOKMARK [2][-]{subsection.0.0.23}{White\040Wyvern\040\(Pub\040&\040Inn\)}{}% 23
\BOOKMARK [2][-]{subsection.0.0.24}{Daily\040Prophet\040HQ\040\(Newspaper\040Printers\)}{}% 24
\BOOKMARK [2][-]{subsection.0.0.25}{Flibberdigibits\040&\040Watchemacallems\040\(Groceries\)}{}% 25
\BOOKMARK [2][-]{subsection.0.0.26}{Ministry\040of\040Magic\040\(Government\)}{}% 26
\BOOKMARK [2][-]{subsection.0.0.27}{Simon's\040Simple\040Shields\040\(Defensive\040Armour\)}{}% 27
\BOOKMARK [2][-]{subsection.0.0.28}{Warcasters\040\(Offensive\040Weapons\)}{}% 28
\BOOKMARK [1][-]{section.0.1}{Expanded\040Inventory}{}% 29
\BOOKMARK [2][-]{subsection.0.1.1}{Expanded\040Inventory\040For\040Flourish\040&\040Blotts}{section.0.1}% 30
\BOOKMARK [2][-]{subsection.0.1.2}{Expanded\040Inventory\040For\040Madam\040Malkin's\040Robes\040for\040All\040Occasions}{section.0.1}% 31
\BOOKMARK [2][-]{subsection.0.1.3}{Expanded\040Inventory\040For\040Magical\040Menagerie}{section.0.1}% 32
\BOOKMARK [2][-]{subsection.0.1.4}{Expanded\040Inventory\040For\040Slug\040&\040Jiggers\040Apothecary}{section.0.1}% 33
\BOOKMARK [2][-]{subsection.0.1.5}{Expanded\040Inventory\040For\040The\040Junk\040Shop}{section.0.1}% 34
\BOOKMARK [2][-]{subsection.0.1.6}{Expanded\040Inventory\040For\040The\040Newt's\040Eye}{section.0.1}% 35
\BOOKMARK [2][-]{subsection.0.1.7}{Expanded\040Inventory\040For\040Weasley's\040Wizard\040Wheezes}{section.0.1}% 36
\BOOKMARK [2][-]{subsection.0.1.8}{Expanded\040Inventory\040For\040Wiseacre's\040Wizarding\040Equipment}{section.0.1}% 37
\BOOKMARK [2][-]{subsection.0.1.9}{Expanded\040Inventory\040For\040Borgin\040&\040Burke's}{section.0.1}% 38
\BOOKMARK [2][-]{subsection.0.1.10}{Expanded\040Inventory\040For\040Mulpepper's\040Apothecary}{section.0.1}% 39
\BOOKMARK [2][-]{subsection.0.1.11}{Expanded\040Inventory\040For\040Shyverwretch's\040Venoms\040and\040Poisons}{section.0.1}% 40
\BOOKMARK [2][-]{subsection.0.1.12}{Expanded\040Inventory\040For\040Simon's\040Simple\040Shields}{section.0.1}% 41
\BOOKMARK [2][-]{subsection.0.1.13}{Expanded\040Inventory\040For\040Warcasters}{section.0.1}% 42
