\BOOKMARK [-1][-]{chapter*.2}{Introduction}{}% 1
\BOOKMARK [-1][-]{part.1}{I\040Characters}{}% 2
\BOOKMARK [0][-]{chapter.1}{Creating\040A\040Character}{part.1}% 3
\BOOKMARK [0][-]{chapter.2}{Playable\040Species}{part.1}% 4
\BOOKMARK [0][-]{chapter.3}{Character\040Archetype}{part.1}% 5
\BOOKMARK [0][-]{chapter.4}{Main\040Attributes}{part.1}% 6
\BOOKMARK [0][-]{chapter.5}{Character\040Progression\040&\040Skills}{part.1}% 7
\BOOKMARK [-1][-]{part.2}{II\040Actions\040and\040their\040Consequences}{}% 8
\BOOKMARK [0][-]{chapter.6}{Performing\040Actions}{part.2}% 9
\BOOKMARK [0][-]{chapter.7}{Non-Combat\040Actions}{part.2}% 10
\BOOKMARK [0][-]{chapter.8}{Combat\040Actions}{part.2}% 11
\BOOKMARK [0][-]{chapter.9}{Accuracy\040&\040Instincts}{part.2}% 12
\BOOKMARK [0][-]{chapter.10}{Stealth\040and\040Critical\040Strikes}{part.2}% 13
\BOOKMARK [0][-]{chapter.11}{Taking\040Damage}{part.2}% 14
\BOOKMARK [0][-]{chapter.12}{Environment\040&\040Vision}{part.2}% 15
\BOOKMARK [-1][-]{part.3}{III\040Items}{}% 16
\BOOKMARK [0][-]{chapter.13}{Equipped\040Items}{part.3}% 17
\BOOKMARK [0][-]{chapter.14}{Weapons\040&\040Wands}{part.3}% 18
\BOOKMARK [0][-]{chapter.15}{Armour}{part.3}% 19
\BOOKMARK [0][-]{chapter.16}{Adventuring\040Gear}{part.3}% 20
\BOOKMARK [0][-]{chapter.17}{Books}{part.3}% 21
\BOOKMARK [0][-]{chapter.18}{Tools}{part.3}% 22
\BOOKMARK [0][-]{chapter.19}{Artificing}{part.3}% 23
\BOOKMARK [-1][-]{part.4}{IV\040Magic}{}% 24
\BOOKMARK [0][-]{chapter.20}{Types\040of\040Magic}{part.4}% 25
\BOOKMARK [0][-]{chapter.21}{Casting\040Spells}{part.4}% 26
\BOOKMARK [0][-]{chapter.22}{Spell\040Shapes}{part.4}% 27
\BOOKMARK [-1][-]{part.5}{V\040Lists\040&\040Tables}{}% 28
\BOOKMARK [0][-]{chapter.23}{Spell\040List}{part.5}% 29
\BOOKMARK [0][-]{chapter.24}{Archetype\040List}{part.5}% 30
\BOOKMARK [0][-]{chapter.25}{Skill\040List}{part.5}% 31
\BOOKMARK [-1][-]{part.6}{VI\040Appendices}{}% 32
\BOOKMARK [0][-]{chapter.26}{Cosmology}{part.6}% 33
\BOOKMARK [0][-]{chapter.27}{-1exMagic\040Cheat\040Sheet}{part.6}% 34
\BOOKMARK [0][-]{chapter.28}{Changelog}{part.6}% 35
