\BOOKMARK [-1][-]{part.1}{I\040Beasts,\040Beings\040&\040Monsters}{}% 1
\BOOKMARK [0][-]{chapter.1}{Classifying\040Beasts}{part.1}% 2
\BOOKMARK [1][-]{section*.1}{Minds}{chapter.1}% 3
\BOOKMARK [2][-]{subsection*.2}{Sapient}{section*.1}% 4
\BOOKMARK [2][-]{subsection*.3}{Non-sapient}{section*.1}% 5
\BOOKMARK [2][-]{subsection*.4}{Ineffable}{section*.1}% 6
\BOOKMARK [1][-]{section*.5}{Types}{chapter.1}% 7
\BOOKMARK [1][-]{section*.6}{Rating}{chapter.1}% 8
\BOOKMARK [0][-]{chapter.2}{Bestiary}{part.1}% 9
\BOOKMARK [1][-]{section*.7}{Beast\040Abilities}{chapter.2}% 10
\BOOKMARK [1][-]{section*.8}{Movement}{chapter.2}% 11
\BOOKMARK [1][-]{section*.8}{Acromantula}{chapter.2}% 12
\BOOKMARK [2][-]{section*.9}{Acromantula\040Hatchling}{section*.8}% 13
\BOOKMARK [2][-]{section*.9}{Acromantula\040Adult}{section*.8}% 14
\BOOKMARK [2][-]{section*.9}{Acromantula\040Patriarch}{section*.8}% 15
\BOOKMARK [1][-]{section*.9}{Angels}{chapter.2}% 16
\BOOKMARK [2][-]{section*.10}{Cherubim}{section*.9}% 17
\BOOKMARK [2][-]{section*.10}{Seraphim}{section*.9}% 18
\BOOKMARK [2][-]{section*.10}{Throne}{section*.9}% 19
\BOOKMARK [2][-]{section*.10}{Archangel}{section*.9}% 20
\BOOKMARK [1][-]{section*.10}{Apparitions}{chapter.2}% 21
\BOOKMARK [2][-]{section*.11}{Ghost}{section*.10}% 22
\BOOKMARK [2][-]{section*.11}{Poltergeist}{section*.10}% 23
\BOOKMARK [2][-]{section*.11}{Boggart}{section*.10}% 24
\BOOKMARK [1][-]{section*.11}{Arachnid}{chapter.2}% 25
\BOOKMARK [2][-]{section*.12}{Great\040Widow}{section*.11}% 26
\BOOKMARK [2][-]{section*.12}{Howling\040Tick}{section*.11}% 27
\BOOKMARK [2][-]{section*.12}{Spraying\040Mantis}{section*.11}% 28
\BOOKMARK [2][-]{section*.12}{Brood\040Mother}{section*.11}% 29
\BOOKMARK [1][-]{section*.12}{Beast\040Demon}{chapter.2}% 30
\BOOKMARK [2][-]{section*.13}{Nogtail}{section*.12}% 31
\BOOKMARK [2][-]{section*.13}{Kishi}{section*.12}% 32
\BOOKMARK [1][-]{section*.13}{Bowtruckle}{chapter.2}% 33
\BOOKMARK [2][-]{section*.14}{Softwood\040Bowtruckle}{section*.13}% 34
\BOOKMARK [2][-]{section*.14}{Hardwood\040Bowtruckle}{section*.13}% 35
\BOOKMARK [1][-]{section*.14}{Ceratothid}{chapter.2}% 36
\BOOKMARK [2][-]{section*.15}{Graphorn}{section*.14}% 37
\BOOKMARK [2][-]{section*.15}{Erumpent}{section*.14}% 38
\BOOKMARK [2][-]{section*.15}{Re'em}{section*.14}% 39
\BOOKMARK [1][-]{section*.15}{Chimera}{chapter.2}% 40
\BOOKMARK [1][-]{section*.15}{Cloakwraiths}{chapter.2}% 41
\BOOKMARK [2][-]{section*.16}{Lethifold}{section*.15}% 42
\BOOKMARK [2][-]{section*.16}{Dementor}{section*.15}% 43
\BOOKMARK [2][-]{section*.16}{Shuagh}{section*.15}% 44
\BOOKMARK [1][-]{section*.16}{Creations}{chapter.2}% 45
\BOOKMARK [2][-]{section*.17}{Hidebehind}{section*.16}% 46
\BOOKMARK [2][-]{section*.17}{Blast-Ended\040Skrewt}{section*.16}% 47
\BOOKMARK [1][-]{section*.17}{Electric\040Elemental}{chapter.2}% 48
\BOOKMARK [2][-]{section*.18}{Raiju}{section*.17}% 49
\BOOKMARK [2][-]{section*.18}{Nephelai}{section*.17}% 50
\BOOKMARK [1][-]{section*.18}{Giantkin}{chapter.2}% 51
\BOOKMARK [2][-]{section*.19}{Cyclopes}{section*.18}% 52
\BOOKMARK [2][-]{section*.19}{Jotun}{section*.18}% 53
\BOOKMARK [2][-]{section*.19}{Humbaba}{section*.18}% 54
\BOOKMARK [2][-]{section*.19}{Basajaun}{section*.18}% 55
\BOOKMARK [1][-]{section*.19}{Light\040Elemental}{chapter.2}% 56
\BOOKMARK [2][-]{section*.20}{Solon}{section*.19}% 57
\BOOKMARK [2][-]{section*.20}{Phlogiston}{section*.19}% 58
\BOOKMARK [2][-]{section*.20}{Chalkydri}{section*.19}% 59
\BOOKMARK [1][-]{section*.20}{Whomping\040Willow}{chapter.2}% 60
\BOOKMARK [-1][-]{part.2}{II\040The\040Magical\040World}{}% 61
\BOOKMARK [0][-]{chapter.3}{Cosmology}{part.2}% 62
\BOOKMARK [1][-]{section*.21}{Traversing\040the\040Realms}{chapter.3}% 63
\BOOKMARK [1][-]{section*.22}{Cataloguing\040the\040Realms}{chapter.3}% 64
\BOOKMARK [2][-]{subsection*.23}{The\040Mortal\040World}{section*.22}% 65
\BOOKMARK [2][-]{subsection*.24}{The\040Astral\040Realm}{section*.22}% 66
\BOOKMARK [2][-]{subsection*.25}{Voidic\040Continuum}{section*.22}% 67
\BOOKMARK [2][-]{subsection*.26}{The\040Lower\040Planes}{section*.22}% 68
\BOOKMARK [2][-]{subsection*.27}{The\040Higher\040Planes}{section*.22}% 69
\BOOKMARK [0][-]{chapter.4}{The\040Charted\040Worlds}{part.2}% 70
\BOOKMARK [1][-]{section*.28}{The\040Hells}{chapter.4}% 71
\BOOKMARK [2][-]{subsection*.29}{Abyss:\040The\040Realm\040of\040Terror}{section*.28}% 72
\BOOKMARK [2][-]{subsection*.30}{Hades:\040The\040Realm\040of\040Death}{section*.28}% 73
\BOOKMARK [1][-]{section*.31}{The\040Heavens}{chapter.4}% 74
\BOOKMARK [2][-]{subsection*.32}{Elysium:\040The\040Realm\040of\040Blessings}{section*.31}% 75
\BOOKMARK [1][-]{section*.33}{The\040Daedal\040Domains}{chapter.4}% 76
\BOOKMARK [2][-]{subsection*.34}{Scholomancia:\040The\040Realm\040of\040Knowledge}{section*.33}% 77
\BOOKMARK [1][-]{section*.35}{The\040Primal\040Expanse}{chapter.4}% 78
\BOOKMARK [2][-]{subsection*.36}{Aeolus:\040The\040Realm\040of\040Storms\040and\040Winds}{section*.35}% 79
\BOOKMARK [2][-]{subsection*.37}{Eden:\040The\040Realm\040of\040Nature,\040Life\040and\040Death}{section*.35}% 80
\BOOKMARK [-1][-]{part.3}{III\040GM\040Tools}{}% 81
\BOOKMARK [0][-]{chapter.5}{Roll\040Statistics}{part.3}% 82
\BOOKMARK [1][-]{section*.38}{Analytic\040Probability}{chapter.5}% 83
\BOOKMARK [2][-]{subsection*.39}{Difficulty\040=\0403}{section*.38}% 84
\BOOKMARK [2][-]{subsection*.40}{Difficulty\040=\0404}{section*.38}% 85
\BOOKMARK [2][-]{subsection*.41}{Difficulty\040=\0405}{section*.38}% 86
\BOOKMARK [2][-]{subsection*.42}{Difficulty\040=\0406}{section*.38}% 87
\BOOKMARK [2][-]{subsection*.43}{Difficulty\040=\0407}{section*.38}% 88
\BOOKMARK [2][-]{subsection*.44}{Difficulty\040=\0408}{section*.38}% 89
\BOOKMARK [2][-]{subsection*.45}{Difficulty\040=\0409}{section*.38}% 90
\BOOKMARK [2][-]{subsection*.46}{Difficulty\040=\04010}{section*.38}% 91
\BOOKMARK [2][-]{subsection*.47}{Difficulty\040=\04011}{section*.38}% 92
